2025-04-05 01:19:50,383 - batch_processor - INFO - Starting batch analysis process...
2025-04-05 01:19:50,384 - batch_processor - INFO - Input region file: /data/gMAI/PRISM_ChIP_seq/script/paper_notebook_tutorial/output/mergeSE_data.tsv (format: tsv)
2025-04-05 01:19:50,386 - batch_processor - INFO - Input BED file: ../data/SEdb/SE_package_hg38_cleaned.bed
2025-04-05 01:19:50,386 - batch_processor - INFO - Input metadata file: ../data/SEdb/human_sample_information_sedb2.txt
2025-04-05 01:19:50,386 - batch_processor - INFO - Main output directory: ../SEgene_region_analyzer_batch
2025-04-05 01:19:50,386 - batch_processor - INFO - Maximum number of rows to process: 2
2025-04-05 01:19:50,391 - batch_processor - INFO - Debug mode: Enabled
2025-04-05 01:19:50,391 - batch_processor - INFO -   -> Detailed logs will be output and debug logs from each tool will be saved to files.
2025-04-05 01:19:50,396 - batch_processor - INFO - --- Step 1: Running Preprocessor ---
2025-04-05 01:19:50,396 - batch_processor - INFO - [Preprocessor] Executing command: python -m sedb_preprocessor.preprocess --bed-file ../data/SEdb/SE_package_hg38_cleaned.bed --metadata ../data/SEdb/human_sample_information_sedb2.txt --output ../SEgene_region_analyzer_batch/00_preprocessed_data -f -d
2025-04-05 01:19:51,327 - batch_processor - ERROR - [Preprocessor] Command failed (return code: 1)
2025-04-05 01:19:51,328 - batch_processor - ERROR - [Preprocessor] STDERR:
DEBUG_LM: File logging is NOT enabled.
DEBUG_LM: File logging is NOT enabled.
DEBUG_LM: File logging is NOT enabled.
DEBUG_LM: File logging is NOT enabled.
2025-04-05 01:19:51,328 - batch_processor - ERROR - [Preprocessor] STDOUT:
2025-04-05 01:19:51,271 - sedb_preprocessor - INFO - Starting SEdb data preprocessing
2025-04-05 01:19:51,271 - sedb_preprocessor - ERROR - BED file not found: ../data/SEdb/SE_package_hg38_cleaned.bed
2025-04-05 01:19:51,328 - batch_processor - ERROR - Preprocessor execution failed. STDERR: DEBUG_LM: File logging is NOT enabled.
DEBUG_LM: File logging is NOT enabled.
DEBUG_LM: File logging is NOT enabled.
DEBUG_LM: File logging is NOT enabled.

2025-04-05 01:19:51,332 - batch_processor - ERROR - Aborting batch process.
