2025-04-05 01:26:20,532 - sedb_analyzer - INFO - Starting SEdb statistical analysis
2025-04-05 01:26:20,533 - sedb_analyzer - INFO - Initializing AnalysisDataLoader
2025-04-05 01:26:20,533 - sedb_analyzer - INFO - Loading extracted region data from: /data/gMAI/PRISM_ChIP_seq/script/paper_notebook_raiden_database_SEdb_update/SEgene_region_analyzer_batch/01_batch_region_results/region_1_chr1_1109435_1174178/extractor_output
2025-04-05 01:26:20,533 - sedb_analyzer - INFO - Loading extraction package: /data/gMAI/PRISM_ChIP_seq/script/paper_notebook_raiden_database_SEdb_update/SEgene_region_analyzer_batch/01_batch_region_results/region_1_chr1_1109435_1174178/extractor_output
2025-04-05 01:26:20,534 - sedb_analyzer - DEBUG - Metadata loaded
2025-04-05 01:26:20,535 - sedb_analyzer - DEBUG - Region information loaded: chr1:1109435-1174178
2025-04-05 01:26:22,458 - sedb_analyzer - DEBUG - Loaded overlapping SE data: 185 rows
2025-04-05 01:26:22,461 - sedb_analyzer - DEBUG - Loaded sample information: 162 rows
2025-04-05 01:26:22,462 - sedb_analyzer - DEBUG - Loaded statistical summary
2025-04-05 01:26:22,464 - sedb_analyzer - INFO - Loaded tissue_counts as DataFrame: 36 rows, columns=['tissue_type', 'count']
2025-04-05 01:26:22,467 - sedb_analyzer - INFO - Converted tissue_counts from [tissue_type, count] format to Series: 36 items
2025-04-05 01:26:22,467 - sedb_analyzer - INFO - Final data type for tissue_counts: Series (dtype=int64, items=36)
2025-04-05 01:26:22,470 - sedb_analyzer - INFO - Loaded biosample_counts as DataFrame: 5 rows, columns=['biosample_type', 'count']
2025-04-05 01:26:22,471 - sedb_analyzer - INFO - Converted biosample_counts from [biosample_type, count] format to Series: 5 items
2025-04-05 01:26:22,471 - sedb_analyzer - INFO - Final data type for biosample_counts: Series (dtype=int64, items=5)
2025-04-05 01:26:22,473 - sedb_analyzer - INFO - Loaded gene_counts as DataFrame: 13 rows, columns=['gene', 'count']
2025-04-05 01:26:22,474 - sedb_analyzer - INFO - Converted gene_counts from [gene, count] format to Series: 13 items
2025-04-05 01:26:22,474 - sedb_analyzer - INFO - Final data type for gene_counts: Series (dtype=int64, items=13)
2025-04-05 01:26:22,474 - sedb_analyzer - INFO - Extraction package loading complete: /data/gMAI/PRISM_ChIP_seq/script/paper_notebook_raiden_database_SEdb_update/SEgene_region_analyzer_batch/01_batch_region_results/region_1_chr1_1109435_1174178/extractor_output
2025-04-05 01:26:22,474 - sedb_analyzer - INFO - Loading background data from: /data/gMAI/PRISM_ChIP_seq/script/paper_notebook_raiden_database_SEdb_update/SEgene_region_analyzer_batch/00_preprocessed_data
2025-04-05 01:26:22,474 - sedb_analyzer - INFO - Loading preprocessed package: /data/gMAI/PRISM_ChIP_seq/script/paper_notebook_raiden_database_SEdb_update/SEgene_region_analyzer_batch/00_preprocessed_data
2025-04-05 01:26:22,475 - sedb_analyzer - DEBUG - Metadata loaded
2025-04-05 01:26:22,476 - sedb_analyzer - DEBUG - Statistical information loaded
2025-04-05 01:26:22,477 - sedb_analyzer - DEBUG - Loaded tissue distribution: 172 types
2025-04-05 01:26:22,478 - sedb_analyzer - INFO - Preprocessed package loading complete: /data/gMAI/PRISM_ChIP_seq/script/paper_notebook_raiden_database_SEdb_update/SEgene_region_analyzer_batch/00_preprocessed_data
2025-04-05 01:26:22,478 - sedb_analyzer - INFO - Analyzing region: chr1:1109435-1174178
2025-04-05 01:26:22,479 - sedb_analyzer - DEBUG - Tissue data is already in Series format
2025-04-05 01:26:22,479 - sedb_analyzer - INFO - Found background tissue distribution with 172 tissue types
2025-04-05 01:26:22,480 - sedb_analyzer - DEBUG - Gene data is already in Series format
2025-04-05 01:26:22,480 - sedb_analyzer - INFO - Analyzing sample distribution for 162 samples
2025-04-05 01:26:22,480 - sedb_analyzer - INFO - Starting sample distribution analysis
2025-04-05 01:26:22,482 - sedb_analyzer - DEBUG - Tissue type counts: 36 categories
2025-04-05 01:26:22,482 - sedb_analyzer - DEBUG - Biosample type counts: 5 categories
2025-04-05 01:26:22,482 - sedb_analyzer - INFO - Sample distribution analysis completed
2025-04-05 01:26:22,482 - sedb_analyzer - INFO - Sample analysis completed: 162 samples
2025-04-05 01:26:22,483 - sedb_analyzer - INFO - Performing tissue enrichment analysis
2025-04-05 01:26:22,483 - sedb_analyzer - INFO - Starting tissue type enrichment analysis
2025-04-05 01:26:22,483 - sedb_analyzer - DEBUG - region_tissue_counts is already a numeric Series (int64)
2025-04-05 01:26:22,483 - sedb_analyzer - DEBUG - background_tissue_counts is already a numeric Series (int64)
2025-04-05 01:26:22,483 - sedb_analyzer - DEBUG - Target tissue types for analysis: 36 categories
2025-04-05 01:26:22,484 - sedb_analyzer - INFO - Type of region_tissue_counts: <class 'pandas.core.series.Series'>
2025-04-05 01:26:22,484 - sedb_analyzer - INFO - Data type of region_tissue_counts: int64
2025-04-05 01:26:22,484 - sedb_analyzer - INFO - First 5 entries of region_tissue_counts: tissue_type
Colon            26
Pancreas         17
Stomach          14
Prostate         11
Mammary gland    11
Name: count, dtype: int64
2025-04-05 01:26:22,484 - sedb_analyzer - INFO - Non-NaN count in region_tissue_counts: 36
2025-04-05 01:26:22,485 - sedb_analyzer - INFO - Count for region_tissue_counts >= 1: 36
2025-04-05 01:26:22,485 - sedb_analyzer - INFO - Total number of tissue types: 172
2025-04-05 01:26:22,792 - sedb_analyzer - INFO - Enrichment analysis completed: Total 36 tissue types, 4 enriched, 1 depleted
2025-04-05 01:26:22,793 - sedb_analyzer - INFO - Enrichment analysis completed: 36 tissues, significant: 4, depleted: 1
2025-04-05 01:26:22,793 - sedb_analyzer - INFO - Analyzing gene distribution for 13 genes
2025-04-05 01:26:22,793 - sedb_analyzer - INFO - Starting gene distribution analysis
2025-04-05 01:26:22,794 - sedb_analyzer - INFO - Gene distribution analysis completed
2025-04-05 01:26:22,794 - sedb_analyzer - INFO - Gene analysis completed: 13 genes
2025-04-05 01:26:22,794 - sedb_analyzer - INFO - Generating figures
2025-04-05 01:26:22,794 - sedb_analyzer - DEBUG - Generating sample distribution figure
2025-04-05 01:26:32,971 - sedb_analyzer - DEBUG - Sample distribution figure generated
2025-04-05 01:26:32,971 - sedb_analyzer - DEBUG - Generating tissue enrichment figure
2025-04-05 01:26:33,073 - sedb_analyzer - DEBUG - Tissue enrichment figure generated
2025-04-05 01:26:33,073 - sedb_analyzer - DEBUG - Generating gene distribution figure
2025-04-05 01:26:33,219 - sedb_analyzer - DEBUG - Gene distribution figure generated
2025-04-05 01:26:33,219 - sedb_analyzer - INFO - Generated 3 figures
2025-04-05 01:26:33,219 - sedb_analyzer - INFO - Packaging analysis results to: /data/gMAI/PRISM_ChIP_seq/script/paper_notebook_raiden_database_SEdb_update/SEgene_region_analyzer_batch/01_batch_region_results/region_1_chr1_1109435_1174178/analyzer_output
2025-04-05 01:26:34,268 - sedb_analyzer - DEBUG - Figure saved: /data/gMAI/PRISM_ChIP_seq/script/paper_notebook_raiden_database_SEdb_update/SEgene_region_analyzer_batch/01_batch_region_results/region_1_chr1_1109435_1174178/analyzer_output/human_readable/figures/sample_distribution.png
2025-04-05 01:26:34,268 - sedb_analyzer - DEBUG - Figure saved: /data/gMAI/PRISM_ChIP_seq/script/paper_notebook_raiden_database_SEdb_update/SEgene_region_analyzer_batch/01_batch_region_results/region_1_chr1_1109435_1174178/analyzer_output/human_readable/figures/sample_distribution.svg
2025-04-05 01:26:35,036 - sedb_analyzer - DEBUG - Figure saved: /data/gMAI/PRISM_ChIP_seq/script/paper_notebook_raiden_database_SEdb_update/SEgene_region_analyzer_batch/01_batch_region_results/region_1_chr1_1109435_1174178/analyzer_output/human_readable/figures/tissue_enrichment.png
2025-04-05 01:26:35,037 - sedb_analyzer - DEBUG - Figure saved: /data/gMAI/PRISM_ChIP_seq/script/paper_notebook_raiden_database_SEdb_update/SEgene_region_analyzer_batch/01_batch_region_results/region_1_chr1_1109435_1174178/analyzer_output/human_readable/figures/tissue_enrichment.svg
2025-04-05 01:26:36,019 - sedb_analyzer - DEBUG - Figure saved: /data/gMAI/PRISM_ChIP_seq/script/paper_notebook_raiden_database_SEdb_update/SEgene_region_analyzer_batch/01_batch_region_results/region_1_chr1_1109435_1174178/analyzer_output/human_readable/figures/gene_distribution.png
2025-04-05 01:26:36,019 - sedb_analyzer - DEBUG - Figure saved: /data/gMAI/PRISM_ChIP_seq/script/paper_notebook_raiden_database_SEdb_update/SEgene_region_analyzer_batch/01_batch_region_results/region_1_chr1_1109435_1174178/analyzer_output/human_readable/figures/gene_distribution.svg
2025-04-05 01:26:36,023 - sedb_analyzer - DEBUG - Attempting to save summary stats to /data/gMAI/PRISM_ChIP_seq/script/paper_notebook_raiden_database_SEdb_update/SEgene_region_analyzer_batch/01_batch_region_results/region_1_chr1_1109435_1174178/analyzer_output/summary.json
2025-04-05 01:26:36,024 - sedb_analyzer - INFO - Summary statistics (JSON) saved: /data/gMAI/PRISM_ChIP_seq/script/paper_notebook_raiden_database_SEdb_update/SEgene_region_analyzer_batch/01_batch_region_results/region_1_chr1_1109435_1174178/analyzer_output/summary.json
2025-04-05 01:26:36,029 - sedb_analyzer - INFO - Summary text generated: /data/gMAI/PRISM_ChIP_seq/script/paper_notebook_raiden_database_SEdb_update/SEgene_region_analyzer_batch/01_batch_region_results/region_1_chr1_1109435_1174178/analyzer_output/human_readable/summary.txt
2025-04-05 01:26:36,310 - sedb_analyzer - INFO - HTML report generated: /data/gMAI/PRISM_ChIP_seq/script/paper_notebook_raiden_database_SEdb_update/SEgene_region_analyzer_batch/01_batch_region_results/region_1_chr1_1109435_1174178/analyzer_output/index.html
2025-04-05 01:26:36,311 - sedb_analyzer - INFO - Metadata JSON saved: /data/gMAI/PRISM_ChIP_seq/script/paper_notebook_raiden_database_SEdb_update/SEgene_region_analyzer_batch/01_batch_region_results/region_1_chr1_1109435_1174178/analyzer_output/machine_readable/metadata.json
2025-04-05 01:26:36,312 - sedb_analyzer - INFO - Analysis results package saving process completed: /data/gMAI/PRISM_ChIP_seq/script/paper_notebook_raiden_database_SEdb_update/SEgene_region_analyzer_batch/01_batch_region_results/region_1_chr1_1109435_1174178/analyzer_output
2025-04-05 01:26:36,312 - sedb_analyzer - INFO - SEdb analysis completed in 15.78 seconds
2025-04-05 01:26:36,312 - sedb_analyzer - INFO - Results saved to: /data/gMAI/PRISM_ChIP_seq/script/paper_notebook_raiden_database_SEdb_update/SEgene_region_analyzer_batch/01_batch_region_results/region_1_chr1_1109435_1174178/analyzer_output
2025-04-05 01:26:36,312 - sedb_analyzer - INFO - Analyzed samples: 162
2025-04-05 01:26:36,312 - sedb_analyzer - INFO - Significantly enriched tissues: 4
2025-04-05 01:26:36,313 - sedb_analyzer - INFO -   - Colon: FC=5.47, p-adj=2.1e-08
2025-04-05 01:26:36,313 - sedb_analyzer - INFO -   - Tracheobronchial epithelial: FC=7.16, p-adj=1.3e-03
2025-04-05 01:26:36,314 - sedb_analyzer - INFO -   - Stomach: FC=4.42, p-adj=1.3e-03
2025-04-05 01:26:53,777 - sedb_analyzer - INFO - Starting SEdb statistical analysis
2025-04-05 01:26:53,778 - sedb_analyzer - INFO - Initializing AnalysisDataLoader
2025-04-05 01:26:53,778 - sedb_analyzer - INFO - Loading extracted region data from: /data/gMAI/PRISM_ChIP_seq/script/paper_notebook_raiden_database_SEdb_update/SEgene_region_analyzer_batch/01_batch_region_results/region_2_chr7_748439_998341/extractor_output
2025-04-05 01:26:53,778 - sedb_analyzer - INFO - Loading extraction package: /data/gMAI/PRISM_ChIP_seq/script/paper_notebook_raiden_database_SEdb_update/SEgene_region_analyzer_batch/01_batch_region_results/region_2_chr7_748439_998341/extractor_output
2025-04-05 01:26:53,779 - sedb_analyzer - DEBUG - Metadata loaded
2025-04-05 01:26:53,779 - sedb_analyzer - DEBUG - Region information loaded: chr7:748439-998341
2025-04-05 01:26:53,825 - sedb_analyzer - DEBUG - Loaded overlapping SE data: 580 rows
2025-04-05 01:26:53,828 - sedb_analyzer - DEBUG - Loaded sample information: 473 rows
2025-04-05 01:26:53,829 - sedb_analyzer - DEBUG - Loaded statistical summary
2025-04-05 01:26:53,831 - sedb_analyzer - INFO - Loaded tissue_counts as DataFrame: 95 rows, columns=['tissue_type', 'count']
2025-04-05 01:26:53,832 - sedb_analyzer - INFO - Converted tissue_counts from [tissue_type, count] format to Series: 95 items
2025-04-05 01:26:53,832 - sedb_analyzer - INFO - Final data type for tissue_counts: Series (dtype=int64, items=95)
2025-04-05 01:26:53,834 - sedb_analyzer - INFO - Loaded biosample_counts as DataFrame: 7 rows, columns=['biosample_type', 'count']
2025-04-05 01:26:53,835 - sedb_analyzer - INFO - Converted biosample_counts from [biosample_type, count] format to Series: 7 items
2025-04-05 01:26:53,835 - sedb_analyzer - INFO - Final data type for biosample_counts: Series (dtype=int64, items=7)
2025-04-05 01:26:53,837 - sedb_analyzer - INFO - Loaded gene_counts as DataFrame: 10 rows, columns=['gene', 'count']
2025-04-05 01:26:53,838 - sedb_analyzer - INFO - Converted gene_counts from [gene, count] format to Series: 10 items
2025-04-05 01:26:53,838 - sedb_analyzer - INFO - Final data type for gene_counts: Series (dtype=int64, items=10)
2025-04-05 01:26:53,838 - sedb_analyzer - INFO - Extraction package loading complete: /data/gMAI/PRISM_ChIP_seq/script/paper_notebook_raiden_database_SEdb_update/SEgene_region_analyzer_batch/01_batch_region_results/region_2_chr7_748439_998341/extractor_output
2025-04-05 01:26:53,838 - sedb_analyzer - INFO - Loading background data from: /data/gMAI/PRISM_ChIP_seq/script/paper_notebook_raiden_database_SEdb_update/SEgene_region_analyzer_batch/00_preprocessed_data
2025-04-05 01:26:53,838 - sedb_analyzer - INFO - Loading preprocessed package: /data/gMAI/PRISM_ChIP_seq/script/paper_notebook_raiden_database_SEdb_update/SEgene_region_analyzer_batch/00_preprocessed_data
2025-04-05 01:26:53,839 - sedb_analyzer - DEBUG - Metadata loaded
2025-04-05 01:26:53,840 - sedb_analyzer - DEBUG - Statistical information loaded
2025-04-05 01:26:53,841 - sedb_analyzer - DEBUG - Loaded tissue distribution: 172 types
2025-04-05 01:26:53,841 - sedb_analyzer - INFO - Preprocessed package loading complete: /data/gMAI/PRISM_ChIP_seq/script/paper_notebook_raiden_database_SEdb_update/SEgene_region_analyzer_batch/00_preprocessed_data
2025-04-05 01:26:53,841 - sedb_analyzer - INFO - Analyzing region: chr7:748439-998341
2025-04-05 01:26:53,842 - sedb_analyzer - DEBUG - Tissue data is already in Series format
2025-04-05 01:26:53,842 - sedb_analyzer - INFO - Found background tissue distribution with 172 tissue types
2025-04-05 01:26:53,842 - sedb_analyzer - DEBUG - Gene data is already in Series format
2025-04-05 01:26:53,842 - sedb_analyzer - INFO - Analyzing sample distribution for 473 samples
2025-04-05 01:26:53,842 - sedb_analyzer - INFO - Starting sample distribution analysis
2025-04-05 01:26:53,844 - sedb_analyzer - DEBUG - Tissue type counts: 95 categories
2025-04-05 01:26:53,845 - sedb_analyzer - DEBUG - Biosample type counts: 7 categories
2025-04-05 01:26:53,845 - sedb_analyzer - INFO - Sample distribution analysis completed
2025-04-05 01:26:53,845 - sedb_analyzer - INFO - Sample analysis completed: 473 samples
2025-04-05 01:26:53,845 - sedb_analyzer - INFO - Performing tissue enrichment analysis
2025-04-05 01:26:53,845 - sedb_analyzer - INFO - Starting tissue type enrichment analysis
2025-04-05 01:26:53,845 - sedb_analyzer - DEBUG - region_tissue_counts is already a numeric Series (int64)
2025-04-05 01:26:53,845 - sedb_analyzer - DEBUG - background_tissue_counts is already a numeric Series (int64)
2025-04-05 01:26:53,846 - sedb_analyzer - DEBUG - Target tissue types for analysis: 95 categories
2025-04-05 01:26:53,846 - sedb_analyzer - INFO - Type of region_tissue_counts: <class 'pandas.core.series.Series'>
2025-04-05 01:26:53,846 - sedb_analyzer - INFO - Data type of region_tissue_counts: int64
2025-04-05 01:26:53,847 - sedb_analyzer - INFO - First 5 entries of region_tissue_counts: tissue_type
Heart            45
Brain            33
Pancreas         31
Colon            31
Mammary gland    26
Name: count, dtype: int64
2025-04-05 01:26:53,847 - sedb_analyzer - INFO - Non-NaN count in region_tissue_counts: 95
2025-04-05 01:26:53,847 - sedb_analyzer - INFO - Count for region_tissue_counts >= 1: 95
2025-04-05 01:26:53,847 - sedb_analyzer - INFO - Total number of tissue types: 172
2025-04-05 01:26:54,223 - sedb_analyzer - INFO - Enrichment analysis completed: Total 95 tissue types, 2 enriched, 0 depleted
2025-04-05 01:26:54,224 - sedb_analyzer - INFO - Enrichment analysis completed: 95 tissues, significant: 2, depleted: 0
2025-04-05 01:26:54,224 - sedb_analyzer - INFO - Analyzing gene distribution for 10 genes
2025-04-05 01:26:54,224 - sedb_analyzer - INFO - Starting gene distribution analysis
2025-04-05 01:26:54,225 - sedb_analyzer - INFO - Gene distribution analysis completed
2025-04-05 01:26:54,226 - sedb_analyzer - INFO - Gene analysis completed: 10 genes
2025-04-05 01:26:54,226 - sedb_analyzer - INFO - Generating figures
2025-04-05 01:26:54,226 - sedb_analyzer - DEBUG - Generating sample distribution figure
2025-04-05 01:26:55,571 - sedb_analyzer - DEBUG - Sample distribution figure generated
2025-04-05 01:26:55,572 - sedb_analyzer - DEBUG - Generating tissue enrichment figure
2025-04-05 01:26:55,672 - sedb_analyzer - DEBUG - Tissue enrichment figure generated
2025-04-05 01:26:55,672 - sedb_analyzer - DEBUG - Generating gene distribution figure
2025-04-05 01:26:55,806 - sedb_analyzer - DEBUG - Gene distribution figure generated
2025-04-05 01:26:55,806 - sedb_analyzer - INFO - Generated 3 figures
2025-04-05 01:26:55,806 - sedb_analyzer - INFO - Packaging analysis results to: /data/gMAI/PRISM_ChIP_seq/script/paper_notebook_raiden_database_SEdb_update/SEgene_region_analyzer_batch/01_batch_region_results/region_2_chr7_748439_998341/analyzer_output
2025-04-05 01:26:56,671 - sedb_analyzer - DEBUG - Figure saved: /data/gMAI/PRISM_ChIP_seq/script/paper_notebook_raiden_database_SEdb_update/SEgene_region_analyzer_batch/01_batch_region_results/region_2_chr7_748439_998341/analyzer_output/human_readable/figures/sample_distribution.png
2025-04-05 01:26:56,672 - sedb_analyzer - DEBUG - Figure saved: /data/gMAI/PRISM_ChIP_seq/script/paper_notebook_raiden_database_SEdb_update/SEgene_region_analyzer_batch/01_batch_region_results/region_2_chr7_748439_998341/analyzer_output/human_readable/figures/sample_distribution.svg
2025-04-05 01:26:57,493 - sedb_analyzer - DEBUG - Figure saved: /data/gMAI/PRISM_ChIP_seq/script/paper_notebook_raiden_database_SEdb_update/SEgene_region_analyzer_batch/01_batch_region_results/region_2_chr7_748439_998341/analyzer_output/human_readable/figures/tissue_enrichment.png
2025-04-05 01:26:57,493 - sedb_analyzer - DEBUG - Figure saved: /data/gMAI/PRISM_ChIP_seq/script/paper_notebook_raiden_database_SEdb_update/SEgene_region_analyzer_batch/01_batch_region_results/region_2_chr7_748439_998341/analyzer_output/human_readable/figures/tissue_enrichment.svg
2025-04-05 01:26:58,432 - sedb_analyzer - DEBUG - Figure saved: /data/gMAI/PRISM_ChIP_seq/script/paper_notebook_raiden_database_SEdb_update/SEgene_region_analyzer_batch/01_batch_region_results/region_2_chr7_748439_998341/analyzer_output/human_readable/figures/gene_distribution.png
2025-04-05 01:26:58,432 - sedb_analyzer - DEBUG - Figure saved: /data/gMAI/PRISM_ChIP_seq/script/paper_notebook_raiden_database_SEdb_update/SEgene_region_analyzer_batch/01_batch_region_results/region_2_chr7_748439_998341/analyzer_output/human_readable/figures/gene_distribution.svg
2025-04-05 01:26:58,436 - sedb_analyzer - DEBUG - Attempting to save summary stats to /data/gMAI/PRISM_ChIP_seq/script/paper_notebook_raiden_database_SEdb_update/SEgene_region_analyzer_batch/01_batch_region_results/region_2_chr7_748439_998341/analyzer_output/summary.json
2025-04-05 01:26:58,437 - sedb_analyzer - INFO - Summary statistics (JSON) saved: /data/gMAI/PRISM_ChIP_seq/script/paper_notebook_raiden_database_SEdb_update/SEgene_region_analyzer_batch/01_batch_region_results/region_2_chr7_748439_998341/analyzer_output/summary.json
2025-04-05 01:26:58,442 - sedb_analyzer - INFO - Summary text generated: /data/gMAI/PRISM_ChIP_seq/script/paper_notebook_raiden_database_SEdb_update/SEgene_region_analyzer_batch/01_batch_region_results/region_2_chr7_748439_998341/analyzer_output/human_readable/summary.txt
2025-04-05 01:26:58,502 - sedb_analyzer - INFO - HTML report generated: /data/gMAI/PRISM_ChIP_seq/script/paper_notebook_raiden_database_SEdb_update/SEgene_region_analyzer_batch/01_batch_region_results/region_2_chr7_748439_998341/analyzer_output/index.html
2025-04-05 01:26:58,504 - sedb_analyzer - INFO - Metadata JSON saved: /data/gMAI/PRISM_ChIP_seq/script/paper_notebook_raiden_database_SEdb_update/SEgene_region_analyzer_batch/01_batch_region_results/region_2_chr7_748439_998341/analyzer_output/machine_readable/metadata.json
2025-04-05 01:26:58,504 - sedb_analyzer - INFO - Analysis results package saving process completed: /data/gMAI/PRISM_ChIP_seq/script/paper_notebook_raiden_database_SEdb_update/SEgene_region_analyzer_batch/01_batch_region_results/region_2_chr7_748439_998341/analyzer_output
2025-04-05 01:26:58,504 - sedb_analyzer - INFO - SEdb analysis completed in 4.73 seconds
2025-04-05 01:26:58,504 - sedb_analyzer - INFO - Results saved to: /data/gMAI/PRISM_ChIP_seq/script/paper_notebook_raiden_database_SEdb_update/SEgene_region_analyzer_batch/01_batch_region_results/region_2_chr7_748439_998341/analyzer_output
2025-04-05 01:26:58,504 - sedb_analyzer - INFO - Analyzed samples: 473
2025-04-05 01:26:58,505 - sedb_analyzer - INFO - Significantly enriched tissues: 2
2025-04-05 01:26:58,505 - sedb_analyzer - INFO -   - Heart: FC=3.52, p-adj=3.7e-07
2025-04-05 01:26:58,506 - sedb_analyzer - INFO -   - Colon: FC=2.23, p-adj=4.4e-02
2025-04-05 01:28:17,851 - sedb_analyzer - INFO - Starting SEdb statistical analysis
2025-04-05 01:28:17,852 - sedb_analyzer - INFO - Initializing AnalysisDataLoader
2025-04-05 01:28:17,852 - sedb_analyzer - INFO - Loading extracted region data from: /data/gMAI/PRISM_ChIP_seq/script/paper_notebook_raiden_database_SEdb_update/SEgene_region_analyzer_batch2/01_batch_region_results/region_1_chr1_1109435_1174178/extractor_output
2025-04-05 01:28:17,852 - sedb_analyzer - INFO - Loading extraction package: /data/gMAI/PRISM_ChIP_seq/script/paper_notebook_raiden_database_SEdb_update/SEgene_region_analyzer_batch2/01_batch_region_results/region_1_chr1_1109435_1174178/extractor_output
2025-04-05 01:28:17,853 - sedb_analyzer - DEBUG - Metadata loaded
2025-04-05 01:28:17,853 - sedb_analyzer - DEBUG - Region information loaded: chr1:1109435-1174178
2025-04-05 01:28:17,901 - sedb_analyzer - DEBUG - Loaded overlapping SE data: 185 rows
2025-04-05 01:28:17,904 - sedb_analyzer - DEBUG - Loaded sample information: 162 rows
2025-04-05 01:28:17,904 - sedb_analyzer - DEBUG - Loaded statistical summary
2025-04-05 01:28:17,906 - sedb_analyzer - INFO - Loaded tissue_counts as DataFrame: 36 rows, columns=['tissue_type', 'count']
2025-04-05 01:28:17,907 - sedb_analyzer - INFO - Converted tissue_counts from [tissue_type, count] format to Series: 36 items
2025-04-05 01:28:17,907 - sedb_analyzer - INFO - Final data type for tissue_counts: Series (dtype=int64, items=36)
2025-04-05 01:28:17,909 - sedb_analyzer - INFO - Loaded biosample_counts as DataFrame: 5 rows, columns=['biosample_type', 'count']
2025-04-05 01:28:17,910 - sedb_analyzer - INFO - Converted biosample_counts from [biosample_type, count] format to Series: 5 items
2025-04-05 01:28:17,910 - sedb_analyzer - INFO - Final data type for biosample_counts: Series (dtype=int64, items=5)
2025-04-05 01:28:17,912 - sedb_analyzer - INFO - Loaded gene_counts as DataFrame: 13 rows, columns=['gene', 'count']
2025-04-05 01:28:17,913 - sedb_analyzer - INFO - Converted gene_counts from [gene, count] format to Series: 13 items
2025-04-05 01:28:17,913 - sedb_analyzer - INFO - Final data type for gene_counts: Series (dtype=int64, items=13)
2025-04-05 01:28:17,913 - sedb_analyzer - INFO - Extraction package loading complete: /data/gMAI/PRISM_ChIP_seq/script/paper_notebook_raiden_database_SEdb_update/SEgene_region_analyzer_batch2/01_batch_region_results/region_1_chr1_1109435_1174178/extractor_output
2025-04-05 01:28:17,913 - sedb_analyzer - INFO - Loading background data from: /data/gMAI/PRISM_ChIP_seq/script/paper_notebook_raiden_database_SEdb_update/SEgene_region_analyzer_batch2/00_preprocessed_data
2025-04-05 01:28:17,913 - sedb_analyzer - INFO - Loading preprocessed package: /data/gMAI/PRISM_ChIP_seq/script/paper_notebook_raiden_database_SEdb_update/SEgene_region_analyzer_batch2/00_preprocessed_data
2025-04-05 01:28:17,914 - sedb_analyzer - DEBUG - Metadata loaded
2025-04-05 01:28:17,915 - sedb_analyzer - DEBUG - Statistical information loaded
2025-04-05 01:28:17,916 - sedb_analyzer - DEBUG - Loaded tissue distribution: 172 types
2025-04-05 01:28:17,917 - sedb_analyzer - INFO - Preprocessed package loading complete: /data/gMAI/PRISM_ChIP_seq/script/paper_notebook_raiden_database_SEdb_update/SEgene_region_analyzer_batch2/00_preprocessed_data
2025-04-05 01:28:17,917 - sedb_analyzer - INFO - Analyzing region: chr1:1109435-1174178
2025-04-05 01:28:17,918 - sedb_analyzer - DEBUG - Tissue data is already in Series format
2025-04-05 01:28:17,918 - sedb_analyzer - INFO - Found background tissue distribution with 172 tissue types
2025-04-05 01:28:17,918 - sedb_analyzer - DEBUG - Gene data is already in Series format
2025-04-05 01:28:17,918 - sedb_analyzer - INFO - Analyzing sample distribution for 162 samples
2025-04-05 01:28:17,918 - sedb_analyzer - INFO - Starting sample distribution analysis
2025-04-05 01:28:17,920 - sedb_analyzer - DEBUG - Tissue type counts: 36 categories
2025-04-05 01:28:17,920 - sedb_analyzer - DEBUG - Biosample type counts: 5 categories
2025-04-05 01:28:17,920 - sedb_analyzer - INFO - Sample distribution analysis completed
2025-04-05 01:28:17,920 - sedb_analyzer - INFO - Sample analysis completed: 162 samples
2025-04-05 01:28:17,921 - sedb_analyzer - INFO - Performing tissue enrichment analysis
2025-04-05 01:28:17,921 - sedb_analyzer - INFO - Starting tissue type enrichment analysis
2025-04-05 01:28:17,921 - sedb_analyzer - DEBUG - region_tissue_counts is already a numeric Series (int64)
2025-04-05 01:28:17,921 - sedb_analyzer - DEBUG - background_tissue_counts is already a numeric Series (int64)
2025-04-05 01:28:17,921 - sedb_analyzer - DEBUG - Target tissue types for analysis: 36 categories
2025-04-05 01:28:17,921 - sedb_analyzer - INFO - Type of region_tissue_counts: <class 'pandas.core.series.Series'>
2025-04-05 01:28:17,922 - sedb_analyzer - INFO - Data type of region_tissue_counts: int64
2025-04-05 01:28:17,922 - sedb_analyzer - INFO - First 5 entries of region_tissue_counts: tissue_type
Colon            26
Pancreas         17
Stomach          14
Prostate         11
Mammary gland    11
Name: count, dtype: int64
2025-04-05 01:28:17,922 - sedb_analyzer - INFO - Non-NaN count in region_tissue_counts: 36
2025-04-05 01:28:17,923 - sedb_analyzer - INFO - Count for region_tissue_counts >= 1: 36
2025-04-05 01:28:17,923 - sedb_analyzer - INFO - Total number of tissue types: 172
2025-04-05 01:28:18,165 - sedb_analyzer - INFO - Enrichment analysis completed: Total 36 tissue types, 4 enriched, 1 depleted
2025-04-05 01:28:18,166 - sedb_analyzer - INFO - Enrichment analysis completed: 36 tissues, significant: 4, depleted: 1
2025-04-05 01:28:18,166 - sedb_analyzer - INFO - Analyzing gene distribution for 13 genes
2025-04-05 01:28:18,166 - sedb_analyzer - INFO - Starting gene distribution analysis
2025-04-05 01:28:18,167 - sedb_analyzer - INFO - Gene distribution analysis completed
2025-04-05 01:28:18,167 - sedb_analyzer - INFO - Gene analysis completed: 13 genes
2025-04-05 01:28:18,168 - sedb_analyzer - INFO - Generating figures
2025-04-05 01:28:18,168 - sedb_analyzer - DEBUG - Generating sample distribution figure
2025-04-05 01:28:19,510 - sedb_analyzer - DEBUG - Sample distribution figure generated
2025-04-05 01:28:19,510 - sedb_analyzer - DEBUG - Generating tissue enrichment figure
2025-04-05 01:28:19,609 - sedb_analyzer - DEBUG - Tissue enrichment figure generated
2025-04-05 01:28:19,609 - sedb_analyzer - DEBUG - Generating gene distribution figure
2025-04-05 01:28:19,751 - sedb_analyzer - DEBUG - Gene distribution figure generated
2025-04-05 01:28:19,752 - sedb_analyzer - INFO - Generated 3 figures
2025-04-05 01:28:19,752 - sedb_analyzer - INFO - Packaging analysis results to: /data/gMAI/PRISM_ChIP_seq/script/paper_notebook_raiden_database_SEdb_update/SEgene_region_analyzer_batch2/01_batch_region_results/region_1_chr1_1109435_1174178/analyzer_output
2025-04-05 01:28:20,584 - sedb_analyzer - DEBUG - Figure saved: /data/gMAI/PRISM_ChIP_seq/script/paper_notebook_raiden_database_SEdb_update/SEgene_region_analyzer_batch2/01_batch_region_results/region_1_chr1_1109435_1174178/analyzer_output/human_readable/figures/sample_distribution.png
2025-04-05 01:28:20,585 - sedb_analyzer - DEBUG - Figure saved: /data/gMAI/PRISM_ChIP_seq/script/paper_notebook_raiden_database_SEdb_update/SEgene_region_analyzer_batch2/01_batch_region_results/region_1_chr1_1109435_1174178/analyzer_output/human_readable/figures/sample_distribution.svg
2025-04-05 01:28:21,348 - sedb_analyzer - DEBUG - Figure saved: /data/gMAI/PRISM_ChIP_seq/script/paper_notebook_raiden_database_SEdb_update/SEgene_region_analyzer_batch2/01_batch_region_results/region_1_chr1_1109435_1174178/analyzer_output/human_readable/figures/tissue_enrichment.png
2025-04-05 01:28:21,348 - sedb_analyzer - DEBUG - Figure saved: /data/gMAI/PRISM_ChIP_seq/script/paper_notebook_raiden_database_SEdb_update/SEgene_region_analyzer_batch2/01_batch_region_results/region_1_chr1_1109435_1174178/analyzer_output/human_readable/figures/tissue_enrichment.svg
2025-04-05 01:28:22,318 - sedb_analyzer - DEBUG - Figure saved: /data/gMAI/PRISM_ChIP_seq/script/paper_notebook_raiden_database_SEdb_update/SEgene_region_analyzer_batch2/01_batch_region_results/region_1_chr1_1109435_1174178/analyzer_output/human_readable/figures/gene_distribution.png
2025-04-05 01:28:22,318 - sedb_analyzer - DEBUG - Figure saved: /data/gMAI/PRISM_ChIP_seq/script/paper_notebook_raiden_database_SEdb_update/SEgene_region_analyzer_batch2/01_batch_region_results/region_1_chr1_1109435_1174178/analyzer_output/human_readable/figures/gene_distribution.svg
2025-04-05 01:28:22,322 - sedb_analyzer - DEBUG - Attempting to save summary stats to /data/gMAI/PRISM_ChIP_seq/script/paper_notebook_raiden_database_SEdb_update/SEgene_region_analyzer_batch2/01_batch_region_results/region_1_chr1_1109435_1174178/analyzer_output/summary.json
2025-04-05 01:28:22,323 - sedb_analyzer - INFO - Summary statistics (JSON) saved: /data/gMAI/PRISM_ChIP_seq/script/paper_notebook_raiden_database_SEdb_update/SEgene_region_analyzer_batch2/01_batch_region_results/region_1_chr1_1109435_1174178/analyzer_output/summary.json
2025-04-05 01:28:22,328 - sedb_analyzer - INFO - Summary text generated: /data/gMAI/PRISM_ChIP_seq/script/paper_notebook_raiden_database_SEdb_update/SEgene_region_analyzer_batch2/01_batch_region_results/region_1_chr1_1109435_1174178/analyzer_output/human_readable/summary.txt
2025-04-05 01:28:22,390 - sedb_analyzer - INFO - HTML report generated: /data/gMAI/PRISM_ChIP_seq/script/paper_notebook_raiden_database_SEdb_update/SEgene_region_analyzer_batch2/01_batch_region_results/region_1_chr1_1109435_1174178/analyzer_output/index.html
2025-04-05 01:28:22,391 - sedb_analyzer - INFO - Metadata JSON saved: /data/gMAI/PRISM_ChIP_seq/script/paper_notebook_raiden_database_SEdb_update/SEgene_region_analyzer_batch2/01_batch_region_results/region_1_chr1_1109435_1174178/analyzer_output/machine_readable/metadata.json
2025-04-05 01:28:22,391 - sedb_analyzer - INFO - Analysis results package saving process completed: /data/gMAI/PRISM_ChIP_seq/script/paper_notebook_raiden_database_SEdb_update/SEgene_region_analyzer_batch2/01_batch_region_results/region_1_chr1_1109435_1174178/analyzer_output
2025-04-05 01:28:22,392 - sedb_analyzer - INFO - SEdb analysis completed in 4.54 seconds
2025-04-05 01:28:22,392 - sedb_analyzer - INFO - Results saved to: /data/gMAI/PRISM_ChIP_seq/script/paper_notebook_raiden_database_SEdb_update/SEgene_region_analyzer_batch2/01_batch_region_results/region_1_chr1_1109435_1174178/analyzer_output
2025-04-05 01:28:22,392 - sedb_analyzer - INFO - Analyzed samples: 162
2025-04-05 01:28:22,392 - sedb_analyzer - INFO - Significantly enriched tissues: 4
2025-04-05 01:28:22,393 - sedb_analyzer - INFO -   - Colon: FC=5.47, p-adj=2.1e-08
2025-04-05 01:28:22,393 - sedb_analyzer - INFO -   - Tracheobronchial epithelial: FC=7.16, p-adj=1.3e-03
2025-04-05 01:28:22,393 - sedb_analyzer - INFO -   - Stomach: FC=4.42, p-adj=1.3e-03
2025-04-05 01:28:39,692 - sedb_analyzer - INFO - Starting SEdb statistical analysis
2025-04-05 01:28:39,693 - sedb_analyzer - INFO - Initializing AnalysisDataLoader
2025-04-05 01:28:39,693 - sedb_analyzer - INFO - Loading extracted region data from: /data/gMAI/PRISM_ChIP_seq/script/paper_notebook_raiden_database_SEdb_update/SEgene_region_analyzer_batch2/01_batch_region_results/region_2_chr7_748439_998341/extractor_output
2025-04-05 01:28:39,693 - sedb_analyzer - INFO - Loading extraction package: /data/gMAI/PRISM_ChIP_seq/script/paper_notebook_raiden_database_SEdb_update/SEgene_region_analyzer_batch2/01_batch_region_results/region_2_chr7_748439_998341/extractor_output
2025-04-05 01:28:39,694 - sedb_analyzer - DEBUG - Metadata loaded
2025-04-05 01:28:39,694 - sedb_analyzer - DEBUG - Region information loaded: chr7:748439-998341
2025-04-05 01:28:39,741 - sedb_analyzer - DEBUG - Loaded overlapping SE data: 581 rows
2025-04-05 01:28:39,744 - sedb_analyzer - DEBUG - Loaded sample information: 473 rows
2025-04-05 01:28:39,745 - sedb_analyzer - DEBUG - Loaded statistical summary
2025-04-05 01:28:39,747 - sedb_analyzer - INFO - Loaded tissue_counts as DataFrame: 95 rows, columns=['tissue_type', 'count']
2025-04-05 01:28:39,748 - sedb_analyzer - INFO - Converted tissue_counts from [tissue_type, count] format to Series: 95 items
2025-04-05 01:28:39,748 - sedb_analyzer - INFO - Final data type for tissue_counts: Series (dtype=int64, items=95)
2025-04-05 01:28:39,751 - sedb_analyzer - INFO - Loaded biosample_counts as DataFrame: 7 rows, columns=['biosample_type', 'count']
2025-04-05 01:28:39,751 - sedb_analyzer - INFO - Converted biosample_counts from [biosample_type, count] format to Series: 7 items
2025-04-05 01:28:39,751 - sedb_analyzer - INFO - Final data type for biosample_counts: Series (dtype=int64, items=7)
2025-04-05 01:28:39,753 - sedb_analyzer - INFO - Loaded gene_counts as DataFrame: 10 rows, columns=['gene', 'count']
2025-04-05 01:28:39,754 - sedb_analyzer - INFO - Converted gene_counts from [gene, count] format to Series: 10 items
2025-04-05 01:28:39,754 - sedb_analyzer - INFO - Final data type for gene_counts: Series (dtype=int64, items=10)
2025-04-05 01:28:39,754 - sedb_analyzer - INFO - Extraction package loading complete: /data/gMAI/PRISM_ChIP_seq/script/paper_notebook_raiden_database_SEdb_update/SEgene_region_analyzer_batch2/01_batch_region_results/region_2_chr7_748439_998341/extractor_output
2025-04-05 01:28:39,754 - sedb_analyzer - INFO - Loading background data from: /data/gMAI/PRISM_ChIP_seq/script/paper_notebook_raiden_database_SEdb_update/SEgene_region_analyzer_batch2/00_preprocessed_data
2025-04-05 01:28:39,755 - sedb_analyzer - INFO - Loading preprocessed package: /data/gMAI/PRISM_ChIP_seq/script/paper_notebook_raiden_database_SEdb_update/SEgene_region_analyzer_batch2/00_preprocessed_data
2025-04-05 01:28:39,755 - sedb_analyzer - DEBUG - Metadata loaded
2025-04-05 01:28:39,756 - sedb_analyzer - DEBUG - Statistical information loaded
2025-04-05 01:28:39,757 - sedb_analyzer - DEBUG - Loaded tissue distribution: 172 types
2025-04-05 01:28:39,757 - sedb_analyzer - INFO - Preprocessed package loading complete: /data/gMAI/PRISM_ChIP_seq/script/paper_notebook_raiden_database_SEdb_update/SEgene_region_analyzer_batch2/00_preprocessed_data
2025-04-05 01:28:39,758 - sedb_analyzer - INFO - Analyzing region: chr7:748439-998341
2025-04-05 01:28:39,758 - sedb_analyzer - DEBUG - Tissue data is already in Series format
2025-04-05 01:28:39,759 - sedb_analyzer - INFO - Found background tissue distribution with 172 tissue types
2025-04-05 01:28:39,759 - sedb_analyzer - DEBUG - Gene data is already in Series format
2025-04-05 01:28:39,759 - sedb_analyzer - INFO - Analyzing sample distribution for 473 samples
2025-04-05 01:28:39,759 - sedb_analyzer - INFO - Starting sample distribution analysis
2025-04-05 01:28:39,761 - sedb_analyzer - DEBUG - Tissue type counts: 95 categories
2025-04-05 01:28:39,761 - sedb_analyzer - DEBUG - Biosample type counts: 7 categories
2025-04-05 01:28:39,761 - sedb_analyzer - INFO - Sample distribution analysis completed
2025-04-05 01:28:39,761 - sedb_analyzer - INFO - Sample analysis completed: 473 samples
2025-04-05 01:28:39,762 - sedb_analyzer - INFO - Performing tissue enrichment analysis
2025-04-05 01:28:39,762 - sedb_analyzer - INFO - Starting tissue type enrichment analysis
2025-04-05 01:28:39,762 - sedb_analyzer - DEBUG - region_tissue_counts is already a numeric Series (int64)
2025-04-05 01:28:39,762 - sedb_analyzer - DEBUG - background_tissue_counts is already a numeric Series (int64)
2025-04-05 01:28:39,762 - sedb_analyzer - DEBUG - Target tissue types for analysis: 95 categories
2025-04-05 01:28:39,762 - sedb_analyzer - INFO - Type of region_tissue_counts: <class 'pandas.core.series.Series'>
2025-04-05 01:28:39,763 - sedb_analyzer - INFO - Data type of region_tissue_counts: int64
2025-04-05 01:28:39,763 - sedb_analyzer - INFO - First 5 entries of region_tissue_counts: tissue_type
Heart            45
Brain            33
Pancreas         31
Colon            31
Mammary gland    26
Name: count, dtype: int64
2025-04-05 01:28:39,763 - sedb_analyzer - INFO - Non-NaN count in region_tissue_counts: 95
2025-04-05 01:28:39,764 - sedb_analyzer - INFO - Count for region_tissue_counts >= 1: 95
2025-04-05 01:28:39,764 - sedb_analyzer - INFO - Total number of tissue types: 172
2025-04-05 01:28:40,127 - sedb_analyzer - INFO - Enrichment analysis completed: Total 95 tissue types, 2 enriched, 0 depleted
2025-04-05 01:28:40,128 - sedb_analyzer - INFO - Enrichment analysis completed: 95 tissues, significant: 2, depleted: 0
2025-04-05 01:28:40,128 - sedb_analyzer - INFO - Analyzing gene distribution for 10 genes
2025-04-05 01:28:40,128 - sedb_analyzer - INFO - Starting gene distribution analysis
2025-04-05 01:28:40,129 - sedb_analyzer - INFO - Gene distribution analysis completed
2025-04-05 01:28:40,130 - sedb_analyzer - INFO - Gene analysis completed: 10 genes
2025-04-05 01:28:40,130 - sedb_analyzer - INFO - Generating figures
2025-04-05 01:28:40,130 - sedb_analyzer - DEBUG - Generating sample distribution figure
2025-04-05 01:28:41,471 - sedb_analyzer - DEBUG - Sample distribution figure generated
2025-04-05 01:28:41,471 - sedb_analyzer - DEBUG - Generating tissue enrichment figure
2025-04-05 01:28:41,570 - sedb_analyzer - DEBUG - Tissue enrichment figure generated
2025-04-05 01:28:41,570 - sedb_analyzer - DEBUG - Generating gene distribution figure
2025-04-05 01:28:41,701 - sedb_analyzer - DEBUG - Gene distribution figure generated
2025-04-05 01:28:41,702 - sedb_analyzer - INFO - Generated 3 figures
2025-04-05 01:28:41,702 - sedb_analyzer - INFO - Packaging analysis results to: /data/gMAI/PRISM_ChIP_seq/script/paper_notebook_raiden_database_SEdb_update/SEgene_region_analyzer_batch2/01_batch_region_results/region_2_chr7_748439_998341/analyzer_output
2025-04-05 01:28:42,561 - sedb_analyzer - DEBUG - Figure saved: /data/gMAI/PRISM_ChIP_seq/script/paper_notebook_raiden_database_SEdb_update/SEgene_region_analyzer_batch2/01_batch_region_results/region_2_chr7_748439_998341/analyzer_output/human_readable/figures/sample_distribution.png
2025-04-05 01:28:42,561 - sedb_analyzer - DEBUG - Figure saved: /data/gMAI/PRISM_ChIP_seq/script/paper_notebook_raiden_database_SEdb_update/SEgene_region_analyzer_batch2/01_batch_region_results/region_2_chr7_748439_998341/analyzer_output/human_readable/figures/sample_distribution.svg
2025-04-05 01:28:43,378 - sedb_analyzer - DEBUG - Figure saved: /data/gMAI/PRISM_ChIP_seq/script/paper_notebook_raiden_database_SEdb_update/SEgene_region_analyzer_batch2/01_batch_region_results/region_2_chr7_748439_998341/analyzer_output/human_readable/figures/tissue_enrichment.png
2025-04-05 01:28:43,379 - sedb_analyzer - DEBUG - Figure saved: /data/gMAI/PRISM_ChIP_seq/script/paper_notebook_raiden_database_SEdb_update/SEgene_region_analyzer_batch2/01_batch_region_results/region_2_chr7_748439_998341/analyzer_output/human_readable/figures/tissue_enrichment.svg
2025-04-05 01:28:44,309 - sedb_analyzer - DEBUG - Figure saved: /data/gMAI/PRISM_ChIP_seq/script/paper_notebook_raiden_database_SEdb_update/SEgene_region_analyzer_batch2/01_batch_region_results/region_2_chr7_748439_998341/analyzer_output/human_readable/figures/gene_distribution.png
2025-04-05 01:28:44,310 - sedb_analyzer - DEBUG - Figure saved: /data/gMAI/PRISM_ChIP_seq/script/paper_notebook_raiden_database_SEdb_update/SEgene_region_analyzer_batch2/01_batch_region_results/region_2_chr7_748439_998341/analyzer_output/human_readable/figures/gene_distribution.svg
2025-04-05 01:28:44,313 - sedb_analyzer - DEBUG - Attempting to save summary stats to /data/gMAI/PRISM_ChIP_seq/script/paper_notebook_raiden_database_SEdb_update/SEgene_region_analyzer_batch2/01_batch_region_results/region_2_chr7_748439_998341/analyzer_output/summary.json
2025-04-05 01:28:44,314 - sedb_analyzer - INFO - Summary statistics (JSON) saved: /data/gMAI/PRISM_ChIP_seq/script/paper_notebook_raiden_database_SEdb_update/SEgene_region_analyzer_batch2/01_batch_region_results/region_2_chr7_748439_998341/analyzer_output/summary.json
2025-04-05 01:28:44,319 - sedb_analyzer - INFO - Summary text generated: /data/gMAI/PRISM_ChIP_seq/script/paper_notebook_raiden_database_SEdb_update/SEgene_region_analyzer_batch2/01_batch_region_results/region_2_chr7_748439_998341/analyzer_output/human_readable/summary.txt
2025-04-05 01:28:44,380 - sedb_analyzer - INFO - HTML report generated: /data/gMAI/PRISM_ChIP_seq/script/paper_notebook_raiden_database_SEdb_update/SEgene_region_analyzer_batch2/01_batch_region_results/region_2_chr7_748439_998341/analyzer_output/index.html
2025-04-05 01:28:44,381 - sedb_analyzer - INFO - Metadata JSON saved: /data/gMAI/PRISM_ChIP_seq/script/paper_notebook_raiden_database_SEdb_update/SEgene_region_analyzer_batch2/01_batch_region_results/region_2_chr7_748439_998341/analyzer_output/machine_readable/metadata.json
2025-04-05 01:28:44,381 - sedb_analyzer - INFO - Analysis results package saving process completed: /data/gMAI/PRISM_ChIP_seq/script/paper_notebook_raiden_database_SEdb_update/SEgene_region_analyzer_batch2/01_batch_region_results/region_2_chr7_748439_998341/analyzer_output
2025-04-05 01:28:44,382 - sedb_analyzer - INFO - SEdb analysis completed in 4.69 seconds
2025-04-05 01:28:44,382 - sedb_analyzer - INFO - Results saved to: /data/gMAI/PRISM_ChIP_seq/script/paper_notebook_raiden_database_SEdb_update/SEgene_region_analyzer_batch2/01_batch_region_results/region_2_chr7_748439_998341/analyzer_output
2025-04-05 01:28:44,382 - sedb_analyzer - INFO - Analyzed samples: 473
2025-04-05 01:28:44,382 - sedb_analyzer - INFO - Significantly enriched tissues: 2
2025-04-05 01:28:44,383 - sedb_analyzer - INFO -   - Heart: FC=3.52, p-adj=3.7e-07
2025-04-05 01:28:44,383 - sedb_analyzer - INFO -   - Colon: FC=2.23, p-adj=4.4e-02
